<?xml version="1.0" encoding="UTF-8"?>
<!-- Generated by org.testng.reporters.JUnitXMLReporter -->
<testsuite ignored="3" hostname="SATISHPPC1979JR" failures="0" tests="2" name="Test1" time="29.282" errors="0" timestamp="2020-04-12T16:04:25 IST">
  <testcase classname="tests.GoogleSearchObjectsTestNG1" name="googleSearchTest1" time="9.539"/>
  <testcase classname="tests.GoogleSearchObjectsTestNG3" name="googleSearchTest4" time="9.561"/>
  <testcase classname="tests.GoogleSearchObjectsTestNG3" name="googleSearchTest5" time="0.0">
    <ignored/>
  </testcase> <!-- googleSearchTest5 -->
  <testcase classname="tests.GoogleSearchObjectsTestNG3" name="googleSearchTest3" time="0.0">
    <ignored/>
  </testcase> <!-- googleSearchTest3 -->
  <testcase classname="tests.GoogleSearchObjectsTestNG3" name="googleSearchTest2" time="0.0">
    <ignored/>
  </testcase> <!-- googleSearchTest2 -->
</testsuite> <!-- Test1 -->
