<?xml version="1.0" encoding="UTF-8"?>
<testng-results ignored="0" total="1" passed="1" failed="0" skipped="0">
  <reporter-output>
  </reporter-output>
  <suite started-at="2020-04-15T00:23:36 IST" name="Default suite" finished-at="2020-04-15T00:23:54 IST" duration-ms="17863">
    <groups>
    </groups>
    <test started-at="2020-04-15T00:23:36 IST" name="Default test" finished-at="2020-04-15T00:23:54 IST" duration-ms="17863">
      <class name="tests.GoogleSearchObjectsTestNG">
        <test-method is-config="true" signature="testSetup()[pri:0, instance:tests.GoogleSearchObjectsTestNG@56a6d5a6]" started-at="2020-04-15T00:23:36 IST" name="testSetup" finished-at="2020-04-15T00:23:42 IST" duration-ms="5621" status="PASS">
          <reporter-output>
          </reporter-output>
        </test-method> <!-- testSetup -->
        <test-method signature="googleSearchTest()[pri:0, instance:tests.GoogleSearchObjectsTestNG@56a6d5a6]" started-at="2020-04-15T00:23:42 IST" name="googleSearchTest" finished-at="2020-04-15T00:23:49 IST" duration-ms="7374" status="PASS">
          <reporter-output>
          </reporter-output>
        </test-method> <!-- googleSearchTest -->
        <test-method is-config="true" signature="tearDown()[pri:0, instance:tests.GoogleSearchObjectsTestNG@56a6d5a6]" started-at="2020-04-15T00:23:49 IST" name="tearDown" finished-at="2020-04-15T00:23:54 IST" duration-ms="4848" status="PASS">
          <reporter-output>
          </reporter-output>
        </test-method> <!-- tearDown -->
      </class> <!-- tests.GoogleSearchObjectsTestNG -->
    </test> <!-- Default test -->
  </suite> <!-- Default suite -->
</testng-results>
