<?xml version="1.0" encoding="UTF-8"?>
<!-- Generated by org.testng.reporters.JUnitXMLReporter -->
<testsuite ignored="0" hostname="SATISHPPC1979JR" failures="0" tests="4" name="Default test" time="22.686" errors="0" timestamp="2020-04-08T18:35:45 IST">
  <testcase classname="tests.GoogleSearchObjectsTestNG3" name="googleSearchTest2" time="7.219"/>
  <testcase classname="tests.GoogleSearchObjectsTestNG3" name="googleSearchTest3" time="1.971"/>
  <testcase classname="tests.GoogleSearchObjectsTestNG3" name="googleSearchTest4" time="1.923"/>
  <testcase classname="tests.GoogleSearchObjectsTestNG3" name="googleSearchTest5" time="1.907"/>
</testsuite> <!-- Default test -->
